<?xml version="1.0" encoding="UTF-8"?>
<!-- Generated by org.testng.reporters.JUnitReportReporter -->
<testsuite hostname="LAPTOP-ANILCMUG" failures="0" tests="4" name="FrameworkPgms.DataProviderExcel" time="0.010" errors="0" timestamp="2024-11-15T15:01:56 IST" skipped="0">
  <testcase classname="FrameworkPgms.DataProviderExcel" name="test" time="0.007"/>
  <testcase classname="FrameworkPgms.DataProviderExcel" name="test" time="0.001"/>
  <testcase classname="FrameworkPgms.DataProviderExcel" name="test" time="0.001"/>
  <testcase classname="FrameworkPgms.DataProviderExcel" name="test" time="0.001"/>
</testsuite> <!-- FrameworkPgms.DataProviderExcel -->
