<?xml version="1.0" encoding="UTF-8"?>
<!-- Generated by org.testng.reporters.JUnitReportReporter -->
<testsuite hostname="LAPTOP-ANILCMUG" failures="0" tests="1" name="POJO.FileToString" time="0.241" errors="0" timestamp="2024-11-20T10:04:37 IST" skipped="0">
  <testcase classname="POJO.FileToString" name="f" time="0.241"/>
</testsuite> <!-- POJO.FileToString -->
