<?xml version="1.0" encoding="UTF-8"?>
<!-- Generated by org.testng.reporters.JUnitReportReporter -->
<testsuite hostname="LAPTOP-ANILCMUG" failures="0" tests="2" name="SeleniumTricks.DataproviderParallel" time="22.320" errors="0" timestamp="2024-11-26T15:29:39 IST" skipped="0">
  <testcase classname="SeleniumTricks.DataproviderParallel" name="loginPage" time="11.154"/>
  <testcase classname="SeleniumTricks.DataproviderParallel" name="loginPage" time="11.166"/>
</testsuite> <!-- SeleniumTricks.DataproviderParallel -->
